Started GET "/" for 127.0.0.1 at 2020-10-16 22:35:27 +0300
  [1m[35m (0.5ms)[0m  [1m[34mSELECT "schema_migrations"."version" FROM "schema_migrations" ORDER BY "schema_migrations"."version" ASC[0m
  ↳ /home/user/.rvm/gems/ruby-2.4.1@todo/gems/activerecord-5.2.0/lib/active_record/log_subscriber.rb:98
Processing by LandingController#landing as HTML
  [1m[36mUser Load (0.7ms)[0m  [1m[34mSELECT  "users".* FROM "users" WHERE "users"."id" = $1 ORDER BY "users"."id" ASC LIMIT $2[0m  [["id", 1], ["LIMIT", 1]]
  ↳ app/controllers/landing_controller.rb:23
  [1m[36mUser Load (0.2ms)[0m  [1m[34mSELECT  "users".* FROM "users" WHERE "users"."id" = $1 LIMIT $2[0m  [["id", 1], ["LIMIT", 1]]
  ↳ app/controllers/landing_controller.rb:23
  Rendering landing/landing.html.erb within layouts/application
  [1m[36mCACHE User Load (0.0ms)[0m  [1m[34mSELECT  "users".* FROM "users" WHERE "users"."id" = $1 LIMIT $2[0m  [["id", 1], ["LIMIT", 1]]
  ↳ app/controllers/application_controller.rb:5
  Rendered landing/landing.html.erb within layouts/application (2.2ms)
  Rendered layouts/_navigation.html.erb (7.4ms)
  Rendered layouts/_footer.html.erb (1.6ms)
Completed 200 OK in 1908ms (Views: 1872.1ms | ActiveRecord: 4.2ms)


Started GET "/lists" for 127.0.0.1 at 2020-10-16 22:35:30 +0300
Processing by ListsController#index as */*
  [1m[36mUser Load (1.1ms)[0m  [1m[34mSELECT  "users".* FROM "users" WHERE "users"."id" = $1 ORDER BY "users"."id" ASC LIMIT $2[0m  [["id", 1], ["LIMIT", 1]]
  ↳ /home/user/.rvm/gems/ruby-2.4.1@todo/gems/activerecord-5.2.0/lib/active_record/log_subscriber.rb:98
  [1m[36mUser Load (0.6ms)[0m  [1m[34mSELECT  "users".* FROM "users" WHERE "users"."id" = $1 LIMIT $2[0m  [["id", 1], ["LIMIT", 1]]
  ↳ app/controllers/lists_controller.rb:98
Redirected to http://localhost:3000/sorting
Completed 302 Found in 9ms (ActiveRecord: 2.3ms)


Started GET "/sorting" for 127.0.0.1 at 2020-10-16 22:35:30 +0300
Processing by ListsController#sorting as */*
  [1m[36mUser Load (0.5ms)[0m  [1m[34mSELECT  "users".* FROM "users" WHERE "users"."id" = $1 ORDER BY "users"."id" ASC LIMIT $2[0m  [["id", 1], ["LIMIT", 1]]
  ↳ /home/user/.rvm/gems/ruby-2.4.1@todo/gems/activerecord-5.2.0/lib/active_record/log_subscriber.rb:98
  [1m[36mUser Load (0.4ms)[0m  [1m[34mSELECT  "users".* FROM "users" WHERE "users"."id" = $1 LIMIT $2[0m  [["id", 1], ["LIMIT", 1]]
  ↳ app/controllers/lists_controller.rb:98
  [1m[36mList Load (0.8ms)[0m  [1m[34mSELECT * FROM lists
                                   ORDER BY created_at ASC;[0m
  ↳ app/models/list.rb:114
  [1m[36mTask Load (1.2ms)[0m  [1m[34mSELECT * FROM tasks ORDER BY status DESC, created_at ASC;[0m
  ↳ app/models/list.rb:127
  Rendering lists/sorting.html.erb
  [1m[35m (0.6ms)[0m  [1m[34mSELECT COUNT(*) FROM "lists" WHERE "lists"."user_id" = $1[0m  [["user_id", 1]]
  ↳ app/views/lists/sorting.html.erb:5
  [1m[36mCACHE User Load (0.0ms)[0m  [1m[34mSELECT  "users".* FROM "users" WHERE "users"."id" = $1 LIMIT $2[0m  [["id", 1], ["LIMIT", 1]]
  ↳ app/controllers/application_controller.rb:5
  Rendered lists/sorting.html.erb (14.9ms)
Completed 200 OK in 81ms (Views: 18.7ms | ActiveRecord: 10.8ms)


Started GET "/tasks/new/?id=3" for 127.0.0.1 at 2020-10-16 22:36:59 +0300
Processing by TasksController#new as HTML
Started GET "/" for 127.0.0.1 at 2020-10-16 22:36:59 +0300
  Parameters: {"id"=>"3"}
Processing by LandingController#landing as JS
  [1m[36mUser Load (0.9ms)[0m  [1m[34mSELECT  "users".* FROM "users" WHERE "users"."id" = $1 ORDER BY "users"."id" ASC LIMIT $2[0m  [["id", 1], ["LIMIT", 1]]
  ↳ app/controllers/tasks_controller.rb:75
  [1m[36mUser Load (0.7ms)[0m  [1m[34mSELECT  "users".* FROM "users" WHERE "users"."id" = $1 ORDER BY "users"."id" ASC LIMIT $2[0m  [["id", 1], ["LIMIT", 1]]
  [1m[36mUser Load (0.2ms)[0m  [1m[34mSELECT  "users".* FROM "users" WHERE "users"."id" = $1 LIMIT $2[0m  [["id", 1], ["LIMIT", 1]]
  ↳ app/controllers/landing_controller.rb:23
  ↳ app/controllers/tasks_controller.rb:75
  [1m[36mUser Load (34.3ms)[0m  [1m[34mSELECT  "users".* FROM "users" WHERE "users"."id" = $1 LIMIT $2[0m  [["id", 1], ["LIMIT", 1]]
  Rendering tasks/new.html.erb
  ↳ app/controllers/landing_controller.rb:23
  [1m[36mCACHE User Load (0.0ms)[0m  [1m[34mSELECT  "users".* FROM "users" WHERE "users"."id" = $1 LIMIT $2[0m  [["id", 1], ["LIMIT", 1]]
  ↳ app/controllers/application_controller.rb:5
  Rendered tasks/_form.html.erb (44.8ms)
  Rendered tasks/new.html.erb (110.3ms)
Completed 200 OK in 154ms (Views: 148.8ms | ActiveRecord: 1.1ms)


  Rendering landing/landing.html.erb within layouts/application
  [1m[36mCACHE User Load (0.0ms)[0m  [1m[34mSELECT  "users".* FROM "users" WHERE "users"."id" = $1 LIMIT $2[0m  [["id", 1], ["LIMIT", 1]]
  ↳ app/controllers/application_controller.rb:5
  Rendered landing/landing.html.erb within layouts/application (1.3ms)
  Rendered layouts/_navigation.html.erb (1.8ms)
  Rendered layouts/_footer.html.erb (1.4ms)
Completed 200 OK in 284ms (Views: 170.6ms | ActiveRecord: 35.0ms)


Started POST "/tasks" for 127.0.0.1 at 2020-10-16 22:37:04 +0300
Processing by TasksController#create as HTML
  Parameters: {"utf8"=>"✓", "authenticity_token"=>"vRezEKClfmU8m1kLMDBPZerd1EJ/DVRRk4MU7/BQO8DgiRQmxdmri9D+Re/bBmfxFhW1anCBX4XDlbnEnOkw+w==", "task"=>{"list_id"=>"3", "content_task"=>"Task 3", "status"=>"in_work", "priority_task"=>"1", "deadline_task(1i)"=>"2020", "deadline_task(2i)"=>"10", "deadline_task(3i)"=>"16", "deadline_task(4i)"=>"19", "deadline_task(5i)"=>"36"}, "commit"=>"Create task"}
  [1m[36mUser Load (0.3ms)[0m  [1m[34mSELECT  "users".* FROM "users" WHERE "users"."id" = $1 ORDER BY "users"."id" ASC LIMIT $2[0m  [["id", 1], ["LIMIT", 1]]
  ↳ app/controllers/tasks_controller.rb:75
  [1m[36mUser Load (0.2ms)[0m  [1m[34mSELECT  "users".* FROM "users" WHERE "users"."id" = $1 LIMIT $2[0m  [["id", 1], ["LIMIT", 1]]
  ↳ app/controllers/tasks_controller.rb:75
  [1m[36mCACHE User Load (0.0ms)[0m  [1m[34mSELECT  "users".* FROM "users" WHERE "users"."id" = $1 LIMIT $2[0m  [["id", 1], ["LIMIT", 1]]
  ↳ app/controllers/tasks_controller.rb:68
  [1m[36mList Load (0.4ms)[0m  [1m[34mSELECT  "lists".* FROM "lists" WHERE "lists"."user_id" = $1 AND "lists"."id" = $2 LIMIT $3[0m  [["user_id", 1], ["id", 3], ["LIMIT", 1]]
  ↳ app/controllers/tasks_controller.rb:69
  [1m[35m (0.2ms)[0m  [1m[35mBEGIN[0m
  ↳ app/controllers/tasks_controller.rb:26
  [1m[36mTask Create (0.6ms)[0m  [1m[32mINSERT INTO "tasks" ("content_task", "priority_task", "deadline_task", "list_id", "status", "created_at", "updated_at") VALUES ($1, $2, $3, $4, $5, $6, $7) RETURNING "id"[0m  [["content_task", "Task 3"], ["priority_task", 1], ["deadline_task", "2020-10-16 19:36:00"], ["list_id", 3], ["status", "in_work"], ["created_at", "2020-10-16 19:37:04.515387"], ["updated_at", "2020-10-16 19:37:04.515387"]]
  ↳ app/controllers/tasks_controller.rb:26
  [1m[35m (0.7ms)[0m  [1m[35mCOMMIT[0m
  ↳ app/controllers/tasks_controller.rb:26
  [1m[36mUser Load (0.2ms)[0m  [1m[34mSELECT  "users".* FROM "users" WHERE "users"."id" = $1 LIMIT $2[0m  [["id", 1], ["LIMIT", 1]]
  ↳ app/controllers/application_controller.rb:5
Redirected to http://localhost:3000/
Completed 302 Found in 15ms (ActiveRecord: 2.6ms)


Started GET "/" for 127.0.0.1 at 2020-10-16 22:37:04 +0300
Processing by LandingController#landing as HTML
  [1m[36mUser Load (0.4ms)[0m  [1m[34mSELECT  "users".* FROM "users" WHERE "users"."id" = $1 ORDER BY "users"."id" ASC LIMIT $2[0m  [["id", 1], ["LIMIT", 1]]
  ↳ app/controllers/landing_controller.rb:23
  [1m[36mUser Load (0.3ms)[0m  [1m[34mSELECT  "users".* FROM "users" WHERE "users"."id" = $1 LIMIT $2[0m  [["id", 1], ["LIMIT", 1]]
  ↳ app/controllers/landing_controller.rb:23
  Rendering landing/landing.html.erb within layouts/application
  [1m[36mCACHE User Load (0.0ms)[0m  [1m[34mSELECT  "users".* FROM "users" WHERE "users"."id" = $1 LIMIT $2[0m  [["id", 1], ["LIMIT", 1]]
  ↳ app/controllers/application_controller.rb:5
  Rendered landing/landing.html.erb within layouts/application (1.6ms)
  Rendered layouts/_navigation.html.erb (1.8ms)
  Rendered layouts/_footer.html.erb (1.6ms)
Completed 200 OK in 80ms (Views: 74.4ms | ActiveRecord: 0.7ms)


Started GET "/lists" for 127.0.0.1 at 2020-10-16 22:37:04 +0300
Processing by ListsController#index as */*
  [1m[36mUser Load (0.3ms)[0m  [1m[34mSELECT  "users".* FROM "users" WHERE "users"."id" = $1 ORDER BY "users"."id" ASC LIMIT $2[0m  [["id", 1], ["LIMIT", 1]]
  ↳ /home/user/.rvm/gems/ruby-2.4.1@todo/gems/activerecord-5.2.0/lib/active_record/log_subscriber.rb:98
  [1m[36mUser Load (0.2ms)[0m  [1m[34mSELECT  "users".* FROM "users" WHERE "users"."id" = $1 LIMIT $2[0m  [["id", 1], ["LIMIT", 1]]
  ↳ app/controllers/lists_controller.rb:98
Redirected to http://localhost:3000/sorting
Completed 302 Found in 3ms (ActiveRecord: 0.5ms)


Started GET "/sorting" for 127.0.0.1 at 2020-10-16 22:37:05 +0300
Processing by ListsController#sorting as */*
  [1m[36mUser Load (0.3ms)[0m  [1m[34mSELECT  "users".* FROM "users" WHERE "users"."id" = $1 ORDER BY "users"."id" ASC LIMIT $2[0m  [["id", 1], ["LIMIT", 1]]
  ↳ /home/user/.rvm/gems/ruby-2.4.1@todo/gems/activerecord-5.2.0/lib/active_record/log_subscriber.rb:98
  [1m[36mUser Load (0.1ms)[0m  [1m[34mSELECT  "users".* FROM "users" WHERE "users"."id" = $1 LIMIT $2[0m  [["id", 1], ["LIMIT", 1]]
  ↳ app/controllers/lists_controller.rb:98
  [1m[36mList Load (0.4ms)[0m  [1m[34mSELECT * FROM lists
                                   ORDER BY created_at ASC;[0m
  ↳ app/models/list.rb:114
  [1m[36mTask Load (0.2ms)[0m  [1m[34mSELECT * FROM tasks ORDER BY status DESC, created_at ASC;[0m
  ↳ app/models/list.rb:127
  Rendering lists/sorting.html.erb
  [1m[35m (0.5ms)[0m  [1m[34mSELECT COUNT(*) FROM "lists" WHERE "lists"."user_id" = $1[0m  [["user_id", 1]]
  ↳ app/views/lists/sorting.html.erb:5
  [1m[36mCACHE User Load (0.0ms)[0m  [1m[34mSELECT  "users".* FROM "users" WHERE "users"."id" = $1 LIMIT $2[0m  [["id", 1], ["LIMIT", 1]]
  ↳ app/controllers/application_controller.rb:5
  Rendered lists/sorting.html.erb (5.0ms)
Completed 200 OK in 12ms (Views: 7.2ms | ActiveRecord: 1.6ms)


Started DELETE "/tasks/3" for 127.0.0.1 at 2020-10-16 22:37:17 +0300
Processing by TasksController#destroy as HTML
  Parameters: {"authenticity_token"=>"VgnkC455YZT0DAsX6CxUPVf7CFCqcQoGO1AyUHrgD/Ia9uuSWi5IO3yyudMeZoduj5CS0krEygrcrOzU5A7A0A==", "id"=>"3"}
  [1m[36mUser Load (0.3ms)[0m  [1m[34mSELECT  "users".* FROM "users" WHERE "users"."id" = $1 ORDER BY "users"."id" ASC LIMIT $2[0m  [["id", 1], ["LIMIT", 1]]
  ↳ app/controllers/tasks_controller.rb:75
  [1m[36mUser Load (0.1ms)[0m  [1m[34mSELECT  "users".* FROM "users" WHERE "users"."id" = $1 LIMIT $2[0m  [["id", 1], ["LIMIT", 1]]
  ↳ app/controllers/tasks_controller.rb:75
  [1m[36mList Load (0.2ms)[0m  [1m[34mSELECT "lists".* FROM "lists" WHERE "lists"."user_id" = $1[0m  [["user_id", 1]]
  ↳ app/controllers/tasks_controller.rb:88
  [1m[36mTask Load (0.3ms)[0m  [1m[34mSELECT "tasks".* FROM "tasks" WHERE "tasks"."list_id" = $1[0m  [["list_id", 1]]
  ↳ app/controllers/tasks_controller.rb:89
  [1m[36mTask Load (0.3ms)[0m  [1m[34mSELECT "tasks".* FROM "tasks" WHERE "tasks"."list_id" = $1[0m  [["list_id", 2]]
  ↳ app/controllers/tasks_controller.rb:89
  [1m[36mTask Load (0.4ms)[0m  [1m[34mSELECT "tasks".* FROM "tasks" WHERE "tasks"."list_id" = $1[0m  [["list_id", 3]]
  ↳ app/controllers/tasks_controller.rb:89
  [1m[35m (0.2ms)[0m  [1m[35mBEGIN[0m
  ↳ app/controllers/tasks_controller.rb:47
  [1m[36mTask Destroy (0.4ms)[0m  [1m[31mDELETE FROM "tasks" WHERE "tasks"."id" = $1[0m  [["id", 3]]
  ↳ app/controllers/tasks_controller.rb:47
  [1m[35m (0.7ms)[0m  [1m[35mCOMMIT[0m
  ↳ app/controllers/tasks_controller.rb:47
  [1m[36mUser Load (0.2ms)[0m  [1m[34mSELECT  "users".* FROM "users" WHERE "users"."id" = $1 LIMIT $2[0m  [["id", 1], ["LIMIT", 1]]
  ↳ app/controllers/application_controller.rb:5
Redirected to http://localhost:3000/
Completed 302 Found in 13ms (ActiveRecord: 3.1ms)


Started GET "/" for 127.0.0.1 at 2020-10-16 22:37:17 +0300
Processing by LandingController#landing as HTML
  [1m[36mUser Load (0.7ms)[0m  [1m[34mSELECT  "users".* FROM "users" WHERE "users"."id" = $1 ORDER BY "users"."id" ASC LIMIT $2[0m  [["id", 1], ["LIMIT", 1]]
  ↳ app/controllers/landing_controller.rb:23
  [1m[36mUser Load (0.2ms)[0m  [1m[34mSELECT  "users".* FROM "users" WHERE "users"."id" = $1 LIMIT $2[0m  [["id", 1], ["LIMIT", 1]]
  ↳ app/controllers/landing_controller.rb:23
  Rendering landing/landing.html.erb within layouts/application
  [1m[36mCACHE User Load (0.0ms)[0m  [1m[34mSELECT  "users".* FROM "users" WHERE "users"."id" = $1 LIMIT $2[0m  [["id", 1], ["LIMIT", 1]]
  ↳ app/controllers/application_controller.rb:5
  Rendered landing/landing.html.erb within layouts/application (1.5ms)
  Rendered layouts/_navigation.html.erb (1.8ms)
  Rendered layouts/_footer.html.erb (1.3ms)
Completed 200 OK in 78ms (Views: 70.5ms | ActiveRecord: 1.0ms)


Started GET "/lists" for 127.0.0.1 at 2020-10-16 22:37:17 +0300
Processing by ListsController#index as */*
  [1m[36mUser Load (0.3ms)[0m  [1m[34mSELECT  "users".* FROM "users" WHERE "users"."id" = $1 ORDER BY "users"."id" ASC LIMIT $2[0m  [["id", 1], ["LIMIT", 1]]
  ↳ /home/user/.rvm/gems/ruby-2.4.1@todo/gems/activerecord-5.2.0/lib/active_record/log_subscriber.rb:98
  [1m[36mUser Load (0.2ms)[0m  [1m[34mSELECT  "users".* FROM "users" WHERE "users"."id" = $1 LIMIT $2[0m  [["id", 1], ["LIMIT", 1]]
  ↳ app/controllers/lists_controller.rb:98
Redirected to http://localhost:3000/sorting
Completed 302 Found in 3ms (ActiveRecord: 0.5ms)


Started GET "/sorting" for 127.0.0.1 at 2020-10-16 22:37:17 +0300
Processing by ListsController#sorting as */*
  [1m[36mUser Load (0.4ms)[0m  [1m[34mSELECT  "users".* FROM "users" WHERE "users"."id" = $1 ORDER BY "users"."id" ASC LIMIT $2[0m  [["id", 1], ["LIMIT", 1]]
  ↳ /home/user/.rvm/gems/ruby-2.4.1@todo/gems/activerecord-5.2.0/lib/active_record/log_subscriber.rb:98
  [1m[36mUser Load (0.2ms)[0m  [1m[34mSELECT  "users".* FROM "users" WHERE "users"."id" = $1 LIMIT $2[0m  [["id", 1], ["LIMIT", 1]]
  ↳ app/controllers/lists_controller.rb:98
  [1m[36mList Load (0.3ms)[0m  [1m[34mSELECT * FROM lists
                                   ORDER BY created_at ASC;[0m
  ↳ app/models/list.rb:114
  [1m[36mTask Load (0.3ms)[0m  [1m[34mSELECT * FROM tasks ORDER BY status DESC, created_at ASC;[0m
  ↳ app/models/list.rb:127
  Rendering lists/sorting.html.erb
  [1m[35m (0.4ms)[0m  [1m[34mSELECT COUNT(*) FROM "lists" WHERE "lists"."user_id" = $1[0m  [["user_id", 1]]
  ↳ app/views/lists/sorting.html.erb:5
  [1m[36mCACHE User Load (0.0ms)[0m  [1m[34mSELECT  "users".* FROM "users" WHERE "users"."id" = $1 LIMIT $2[0m  [["id", 1], ["LIMIT", 1]]
  ↳ app/controllers/application_controller.rb:5
  Rendered lists/sorting.html.erb (5.9ms)
Completed 200 OK in 16ms (Views: 9.1ms | ActiveRecord: 1.7ms)


